[    0.000000] Linux version 4.15.0-156-generic (buildd@lcy01-amd64-008) (gcc version 7.5.0 (Ubuntu 7.5.0-3ubuntu1~18.04)) #163-Ubuntu SMP Thu Aug 19 23:31:58 UTC 2021 (Ubuntu 4.15.0-156.163-generic 4.15.18)
[    0.000000] Command line: BOOT_IMAGE=/boot/vmlinuz-4.15.0-156-generic root=LABEL=cloudimg-rootfs ro console=tty1 console=ttyS0
[    0.000000] KERNEL supported cpus:
[    0.000000]   Intel GenuineIntel
[    0.000000]   AMD AuthenticAMD
[    0.000000]   Centaur CentaurHauls
[    0.000000] x86/fpu: Supporting XSAVE feature 0x001: 'x87 floating point registers'
[    0.000000] x86/fpu: Supporting XSAVE feature 0x002: 'SSE registers'
[    0.000000] x86/fpu: Supporting XSAVE feature 0x004: 'AVX registers'
[    0.000000] x86/fpu: xstate_offset[2]:  576, xstate_sizes[2]:  256
[    0.000000] x86/fpu: Enabled xstate features 0x7, context size is 832 bytes, using 'standard' format.
[    0.000000] e820: BIOS-provided physical RAM map:
[    0.000000] BIOS-e820: [mem 0x0000000000000000-0x000000000009fbff] usable
[    0.000000] BIOS-e820: [mem 0x000000000009fc00-0x000000000009ffff] reserved
[    0.000000] BIOS-e820: [mem 0x00000000000f0000-0x00000000000fffff] reserved
[    0.000000] BIOS-e820: [mem 0x0000000000100000-0x000000007ffeffff] usable
[    0.000000] BIOS-e820: [mem 0x000000007fff0000-0x000000007fffffff] ACPI data
[    0.000000] BIOS-e820: [mem 0x00000000fec00000-0x00000000fec00fff] reserved
[    0.000000] BIOS-e820: [mem 0x00000000fee00000-0x00000000fee00fff] reserved
[    0.000000] BIOS-e820: [mem 0x00000000fffc0000-0x00000000ffffffff] reserved
[    0.000000] NX (Execute Disable) protection: active
[    0.000000] SMBIOS 2.5 present.
[    0.000000] DMI: innotek GmbH VirtualBox/VirtualBox, BIOS VirtualBox 12/01/2006
[    0.000000] Hypervisor detected: KVM
[    0.000000] e820: last_pfn = 0x7fff0 max_arch_pfn = 0x400000000
[    0.000000] MTRR: Disabled
[    0.000000] x86/PAT: MTRRs disabled, skipping PAT initialization too.
[    0.000000] CPU MTRRs all blank - virtualized system.
[    0.000000] x86/PAT: Configuration [0-7]: WB  WT  UC- UC  WB  WT  UC- UC  
[    0.000000] found SMP MP-table at [mem 0x0009fff0-0x0009ffff]
[    0.000000] Scanning 1 areas for low memory corruption
[    0.000000] RAMDISK: [mem 0x359cf000-0x36cdefff]
[    0.000000] ACPI: Early table checksum verification disabled
[    0.000000] ACPI: RSDP 0x00000000000E0000 000024 (v02 VBOX  )
[    0.000000] ACPI: XSDT 0x000000007FFF0030 00003C (v01 VBOX   VBOXXSDT 00000001 ASL  00000061)
[    0.000000] ACPI: FACP 0x000000007FFF00F0 0000F4 (v04 VBOX   VBOXFACP 00000001 ASL  00000061)
[    0.000000] ACPI: DSDT 0x000000007FFF0470 002325 (v02 VBOX   VBOXBIOS 00000002 INTL 20100528)
[    0.000000] ACPI: FACS 0x000000007FFF0200 000040
[    0.000000] ACPI: FACS 0x000000007FFF0200 000040
[    0.000000] ACPI: APIC 0x000000007FFF0240 000054 (v02 VBOX   VBOXAPIC 00000001 ASL  00000061)
[    0.000000] ACPI: SSDT 0x000000007FFF02A0 0001CC (v01 VBOX   VBOXCPUT 00000002 INTL 20100528)
[    0.000000] ACPI: Reserving FACP table memory at [mem 0x7fff00f0-0x7fff01e3]
[    0.000000] ACPI: Reserving DSDT table memory at [mem 0x7fff0470-0x7fff2794]
[    0.000000] ACPI: Reserving FACS table memory at [mem 0x7fff0200-0x7fff023f]
[    0.000000] ACPI: Reserving FACS table memory at [mem 0x7fff0200-0x7fff023f]
[    0.000000] ACPI: Reserving APIC table memory at [mem 0x7fff0240-0x7fff0293]
[    0.000000] ACPI: Reserving SSDT table memory at [mem 0x7fff02a0-0x7fff046b]
[    0.000000] No NUMA configuration found
[    0.000000] Faking a node at [mem 0x0000000000000000-0x000000007ffeffff]
[    0.000000] NODE_DATA(0) allocated [mem 0x7ffc5000-0x7ffeffff]
[    0.000000] kvm-clock: cpu 0, msr 0:7ff44001, primary cpu clock
[    0.000000] kvm-clock: Using msrs 4b564d01 and 4b564d00
[    0.000000] kvm-clock: using sched offset of 4826290560 cycles
[    0.000000] clocksource: kvm-clock: mask: 0xffffffffffffffff max_cycles: 0x1cd42e4dffb, max_idle_ns: 881590591483 ns
[    0.000000] Zone ranges:
[    0.000000]   DMA      [mem 0x0000000000001000-0x0000000000ffffff]
[    0.000000]   DMA32    [mem 0x0000000001000000-0x000000007ffeffff]
[    0.000000]   Normal   empty
[    0.000000]   Device   empty
[    0.000000] Movable zone start for each node
[    0.000000] Early memory node ranges
[    0.000000]   node   0: [mem 0x0000000000001000-0x000000000009efff]
[    0.000000]   node   0: [mem 0x0000000000100000-0x000000007ffeffff]
[    0.000000] Reserved but unavailable: 104 pages
[    0.000000] Initmem setup node 0 [mem 0x0000000000001000-0x000000007ffeffff]
[    0.000000] ACPI: PM-Timer IO Port: 0x4008
[    0.000000] IOAPIC[0]: apic_id 1, version 32, address 0xfec00000, GSI 0-23
[    0.000000] ACPI: INT_SRC_OVR (bus 0 bus_irq 0 global_irq 2 dfl dfl)
[    0.000000] ACPI: INT_SRC_OVR (bus 0 bus_irq 9 global_irq 9 low level)
[    0.000000] Using ACPI (MADT) for SMP configuration information
[    0.000000] smpboot: Allowing 1 CPUs, 0 hotplug CPUs
[    0.000000] PM: Registered nosave memory: [mem 0x00000000-0x00000fff]
[    0.000000] PM: Registered nosave memory: [mem 0x0009f000-0x0009ffff]
[    0.000000] PM: Registered nosave memory: [mem 0x000a0000-0x000effff]
[    0.000000] PM: Registered nosave memory: [mem 0x000f0000-0x000fffff]
[    0.000000] e820: [mem 0x80000000-0xfebfffff] available for PCI devices
[    0.000000] Booting paravirtualized kernel on KVM
[    0.000000] clocksource: refined-jiffies: mask: 0xffffffff max_cycles: 0xffffffff, max_idle_ns: 7645519600211568 ns
[    0.000000] random: get_random_bytes called from start_kernel+0x99/0x500 with crng_init=0
[    0.000000] setup_percpu: NR_CPUS:8192 nr_cpumask_bits:1 nr_cpu_ids:1 nr_node_ids:1
[    0.000000] percpu: Embedded 45 pages/cpu s147456 r8192 d28672 u2097152
[    0.000000] PV qspinlock hash table entries: 256 (order: 0, 4096 bytes)
[    0.000000] Built 1 zonelists, mobility grouping on.  Total pages: 515961
[    0.000000] Policy zone: DMA32
[    0.000000] Kernel command line: BOOT_IMAGE=/boot/vmlinuz-4.15.0-156-generic root=LABEL=cloudimg-rootfs ro console=tty1 console=ttyS0
[    0.000000] Memory: 2015088K/2096696K available (12300K kernel code, 2483K rwdata, 4320K rodata, 2448K init, 2724K bss, 81608K reserved, 0K cma-reserved)
[    0.000000] SLUB: HWalign=64, Order=0-3, MinObjects=0, CPUs=1, Nodes=1
[    0.000000] ftrace: allocating 39466 entries in 155 pages
[    0.004000] Hierarchical RCU implementation.
[    0.004000] 	RCU restricting CPUs from NR_CPUS=8192 to nr_cpu_ids=1.
[    0.004000] 	Tasks RCU enabled.
[    0.004000] RCU: Adjusting geometry for rcu_fanout_leaf=16, nr_cpu_ids=1
[    0.004000] NR_IRQS: 524544, nr_irqs: 256, preallocated irqs: 16
[    0.004000] Console: colour VGA+ 80x25
[    0.004000] console [tty1] enabled
[    0.004000] console [ttyS0] enabled
[    0.004000] ACPI: Core revision 20170831
[    0.004000] ACPI: 2 ACPI AML tables successfully acquired and loaded
[    0.004000] APIC: Switch to symmetric I/O mode setup
[    0.004000] x2apic enabled
[    0.004000] Switched APIC routing to physical x2apic.
[    0.004000] ..TIMER: vector=0x30 apic1=0 pin1=2 apic2=-1 pin2=-1
[    0.004006] tsc: Detected 1992.000 MHz processor
[    0.008010] Calibrating delay loop (skipped) preset value.. 3984.00 BogoMIPS (lpj=7968000)
[    0.010303] pid_max: default: 32768 minimum: 301
[    0.011257] Security Framework initialized
[    0.012002] Yama: becoming mindful.
[    0.012603] AppArmor: AppArmor initialized
[    0.016129] Dentry cache hash table entries: 262144 (order: 9, 2097152 bytes)
[    0.020030] Inode-cache hash table entries: 131072 (order: 8, 1048576 bytes)
[    0.021104] Mount-cache hash table entries: 4096 (order: 3, 32768 bytes)
[    0.022174] Mountpoint-cache hash table entries: 4096 (order: 3, 32768 bytes)
[    0.024294] process: using mwait in idle threads
[    0.025161] Last level iTLB entries: 4KB 64, 2MB 8, 4MB 8
[    0.026411] Last level dTLB entries: 4KB 64, 2MB 0, 4MB 0, 1GB 4
[    0.028006] Spectre V1 : Mitigation: usercopy/swapgs barriers and __user pointer sanitization
[    0.030149] Spectre V2 : Mitigation: Full generic retpoline
[    0.031390] Spectre V2 : Spectre v2 / SpectreRSB mitigation: Filling RSB on context switch
[    0.032004] Speculative Store Bypass: Vulnerable
[    0.032996] SRBDS: Unknown: Dependent on hypervisor status
[    0.034351] MDS: Mitigation: Clear CPU buffers
[    0.044057] Freeing SMP alternatives memory: 36K
[    0.155935] smpboot: CPU0: Intel(R) Core(TM) i7-8565U CPU @ 1.80GHz (family: 0x6, model: 0x8e, stepping: 0xb)
[    0.156000] Performance Events: unsupported p6 CPU model 142 no PMU driver, software events only.
[    0.156061] Hierarchical SRCU implementation.
[    0.161113] NMI watchdog: Perf event create on CPU 0 failed with -2
[    0.163352] NMI watchdog: Perf NMI watchdog permanently disabled
[    0.164066] smp: Bringing up secondary CPUs ...
[    0.165720] smp: Brought up 1 node, 1 CPU
[    0.168005] smpboot: Max logical packages: 1
[    0.169564] smpboot: Total of 1 processors activated (3984.00 BogoMIPS)
[    0.172036] devtmpfs: initialized
[    0.173421] x86/mm: Memory block size: 128MB
[    0.175224] evm: security.selinux
[    0.176009] evm: security.SMACK64
[    0.177445] evm: security.SMACK64EXEC
[    0.178748] evm: security.SMACK64TRANSMUTE
[    0.180005] evm: security.SMACK64MMAP
[    0.181388] evm: security.apparmor
[    0.182681] evm: security.ima
[    0.184004] evm: security.capability
[    0.185573] clocksource: jiffies: mask: 0xffffffff max_cycles: 0xffffffff, max_idle_ns: 7645041785100000 ns
[    0.188020] futex hash table entries: 256 (order: 2, 16384 bytes)
[    0.190103] pinctrl core: initialized pinctrl subsystem
[    0.192181] RTC time: 13:48:00, date: 09/22/21
[    0.196132] NET: Registered protocol family 16
[    0.197807] audit: initializing netlink subsys (disabled)
[    0.200064] cpuidle: using governor ladder
[    0.201506] cpuidle: using governor menu
[    0.202897] ACPI: bus type PCI registered
[    0.204005] acpiphp: ACPI Hot Plug PCI Controller Driver version: 0.5
[    0.206140] audit: type=2000 audit(1632318488.076:1): state=initialized audit_enabled=0 res=1
[    0.208179] PCI: Using configuration type 1 for base access
[    0.213618] HugeTLB registered 2.00 MiB page size, pre-allocated 0 pages
[    0.216157] ACPI: Added _OSI(Module Device)
[    0.217581] ACPI: Added _OSI(Processor Device)
[    0.219087] ACPI: Added _OSI(3.0 _SCP Extensions)
[    0.220009] ACPI: Added _OSI(Processor Aggregator Device)
[    0.221839] ACPI: Added _OSI(Linux-Dell-Video)
[    0.223487] ACPI: Added _OSI(Linux-Lenovo-NV-HDMI-Audio)
[    0.224021] ACPI: Added _OSI(Linux-HPI-Hybrid-Graphics)
[    0.228543] ACPI: Executed 1 blocks of module-level executable AML code
[    0.237626] ACPI: Interpreter enabled
[    0.239087] ACPI: (supports S0 S5)
[    0.240005] ACPI: Using IOAPIC for interrupt routing
[    0.242337] PCI: Using host bridge windows from ACPI; if necessary, use "pci=nocrs" and report a bug
[    0.244343] ACPI: Enabled 2 GPEs in block 00 to 07
[    0.265577] ACPI: PCI Root Bridge [PCI0] (domain 0000 [bus 00-ff])
[    0.267685] acpi PNP0A03:00: _OSC: OS supports [ASPM ClockPM Segments MSI]
[    0.268914] acpi PNP0A03:00: _OSC: not requesting OS control; OS requires [ExtendedConfig ASPM ClockPM MSI]
[    0.272022] acpi PNP0A03:00: fail to add MMCONFIG information, can't access extended PCI configuration space under this bridge.
[    0.276739] PCI host bridge to bus 0000:00
[    0.280008] pci_bus 0000:00: root bus resource [io  0x0000-0x0cf7 window]
[    0.282256] pci_bus 0000:00: root bus resource [io  0x0d00-0xffff window]
[    0.284007] pci_bus 0000:00: root bus resource [mem 0x000a0000-0x000bffff window]
[    0.286607] pci_bus 0000:00: root bus resource [mem 0x80000000-0xfdffffff window]
[    0.288007] pci_bus 0000:00: root bus resource [bus 00-ff]
[    0.297445] pci 0000:00:01.1: legacy IDE quirk: reg 0x10: [io  0x01f0-0x01f7]
[    0.299850] pci 0000:00:01.1: legacy IDE quirk: reg 0x14: [io  0x03f6]
[    0.300006] pci 0000:00:01.1: legacy IDE quirk: reg 0x18: [io  0x0170-0x0177]
[    0.302401] pci 0000:00:01.1: legacy IDE quirk: reg 0x1c: [io  0x0376]
[    0.336037] pci 0000:00:07.0: quirk: [io  0x4000-0x403f] claimed by PIIX4 ACPI
[    0.338700] pci 0000:00:07.0: quirk: [io  0x4100-0x410f] claimed by PIIX4 SMB
[    0.352187] ACPI: PCI Interrupt Link [LNKA] (IRQs 5 9 10 *11)
[    0.354656] ACPI: PCI Interrupt Link [LNKB] (IRQs 5 9 *10 11)
[    0.356261] ACPI: PCI Interrupt Link [LNKC] (IRQs 5 *9 10 11)
[    0.358427] ACPI: PCI Interrupt Link [LNKD] (IRQs 5 9 10 *11)
[    0.360569] SCSI subsystem initialized
[    0.362018] pci 0000:00:02.0: vgaarb: setting as boot VGA device
[    0.364000] pci 0000:00:02.0: vgaarb: VGA device added: decodes=io+mem,owns=io+mem,locks=none
[    0.364007] pci 0000:00:02.0: vgaarb: bridge control possible
[    0.368005] vgaarb: loaded
[    0.369082] ACPI: bus type USB registered
[    0.372032] usbcore: registered new interface driver usbfs
[    0.373977] usbcore: registered new interface driver hub
[    0.376020] usbcore: registered new device driver usb
[    0.377979] EDAC MC: Ver: 3.0.0
[    0.380657] PCI: Using ACPI for IRQ routing
[    0.382906] NetLabel: Initializing
[    0.384005] NetLabel:  domain hash size = 128
[    0.385505] NetLabel:  protocols = UNLABELED CIPSOv4 CALIPSO
[    0.387326] NetLabel:  unlabeled traffic allowed by default
[    0.388166] clocksource: Switched to clocksource kvm-clock
[    0.424337] VFS: Disk quotas dquot_6.6.0
[    0.426277] VFS: Dquot-cache hash table entries: 512 (order 0, 4096 bytes)
[    0.428708] AppArmor: AppArmor Filesystem Enabled
[    0.430439] pnp: PnP ACPI init
[    0.433527] pnp: PnP ACPI: found 3 devices
[    0.441227] clocksource: acpi_pm: mask: 0xffffff max_cycles: 0xffffff, max_idle_ns: 2085701024 ns
[    0.444051] NET: Registered protocol family 2
[    0.446115] IP idents hash table entries: 32768 (order: 6, 262144 bytes)
[    0.448852] TCP established hash table entries: 16384 (order: 5, 131072 bytes)
[    0.451325] TCP bind hash table entries: 16384 (order: 6, 262144 bytes)
[    0.453788] TCP: Hash tables configured (established 16384 bind 16384)
[    0.456007] UDP hash table entries: 1024 (order: 3, 32768 bytes)
[    0.458234] UDP-Lite hash table entries: 1024 (order: 3, 32768 bytes)
[    0.460808] NET: Registered protocol family 1
[    0.462274] pci 0000:00:00.0: Limiting direct PCI/PCI transfers
[    0.464300] pci 0000:00:01.0: Activating ISA DMA hang workarounds
[    0.466433] pci 0000:00:02.0: Video device with shadowed ROM at [mem 0x000c0000-0x000dffff]
[    0.469419] Unpacking initramfs...
[    1.144186] Freeing initrd memory: 19520K
[    1.145277] clocksource: tsc: mask: 0xffffffffffffffff max_cycles: 0x396d519840e, max_idle_ns: 881590569543 ns
[    1.147659] platform rtc_cmos: registered platform RTC device (no PNP device found)
[    1.150116] Scanning for low memory corruption every 60 seconds
[    1.151764] Initialise system trusted keyrings
[    1.152657] Key type blacklist registered
[    1.153479] workingset: timestamp_bits=36 max_order=19 bucket_order=0
[    1.155440] zbud: loaded
[    1.156320] squashfs: version 4.0 (2009/01/31) Phillip Lougher
[    1.157376] fuse init (API version 7.26)
[    1.162929] Key type asymmetric registered
[    1.163738] Asymmetric key parser 'x509' registered
[    1.164574] Block layer SCSI generic (bsg) driver version 0.4 loaded (major 246)
[    1.165795] io scheduler noop registered
[    1.166623] io scheduler deadline registered
[    1.167350] io scheduler cfq registered (default)
[    1.168628] ACPI: AC Adapter [AC] (off-line)
[    1.169491] input: Power Button as /devices/LNXSYSTM:00/LNXPWRBN:00/input/input0
[    1.170709] ACPI: Power Button [PWRF]
[    1.171401] input: Sleep Button as /devices/LNXSYSTM:00/LNXSLPBN:00/input/input1
[    1.172793] ACPI: Sleep Button [SLPF]
[    1.174369] ACPI: Battery Slot [BAT0] (battery present)
[    1.175345] Serial: 8250/16550 driver, 32 ports, IRQ sharing enabled
[    1.197939] 00:02: ttyS0 at I/O 0x3f8 (irq = 4, base_baud = 115200) is a 16550A
[    1.202721] Linux agpgart interface v0.103
[    1.206000] loop: module loaded
[    1.208286] scsi host0: ata_piix
[    1.209666] scsi host1: ata_piix
[    1.210964] ata1: PATA max UDMA/33 cmd 0x1f0 ctl 0x3f6 bmdma 0xd000 irq 14
[    1.213318] ata2: PATA max UDMA/33 cmd 0x170 ctl 0x376 bmdma 0xd008 irq 15
[    1.216395] libphy: Fixed MDIO Bus: probed
[    1.217899] tun: Universal TUN/TAP device driver, 1.6
[    1.219726] PPP generic driver version 2.4.2
[    1.221322] ehci_hcd: USB 2.0 'Enhanced' Host Controller (EHCI) Driver
[    1.223648] ehci-pci: EHCI PCI platform driver
[    1.225546] ehci-platform: EHCI generic platform driver
[    1.227366] ohci_hcd: USB 1.1 'Open' Host Controller (OHCI) Driver
[    1.229493] ohci-pci: OHCI PCI platform driver
[    1.231051] ohci-platform: OHCI generic platform driver
[    1.232996] uhci_hcd: USB Universal Host Controller Interface driver
[    1.235124] i8042: PNP: PS/2 Controller [PNP0303:PS2K,PNP0f03:PS2M] at 0x60,0x64 irq 1,12
[    1.238514] serio: i8042 KBD port at 0x60,0x64 irq 1
[    1.240350] serio: i8042 AUX port at 0x60,0x64 irq 12
[    1.242285] mousedev: PS/2 mouse device common for all mice
[    1.244922] input: AT Translated Set 2 keyboard as /devices/platform/i8042/serio0/input/input2
[    1.248348] rtc_cmos rtc_cmos: rtc core: registered rtc_cmos as rtc0
[    1.250569] rtc_cmos rtc_cmos: alarms up to one day, 114 bytes nvram
[    1.252818] i2c /dev entries driver
[    1.254324] device-mapper: uevent: version 1.0.3
[    1.256073] device-mapper: ioctl: 4.37.0-ioctl (2017-09-20) initialised: dm-devel@redhat.com
[    1.259130] ledtrig-cpu: registered to indicate activity on CPUs
[    1.261586] intel_pmc_core:  initialized
[    1.263315] NET: Registered protocol family 10
[    1.269705] Segment Routing with IPv6
[    1.271141] NET: Registered protocol family 17
[    1.272856] Key type dns_resolver registered
[    1.274560] mce: Using 0 MCE banks
[    1.276027] RAS: Correctable Errors collector initialized.
[    1.278050] sched_clock: Marking stable (1277962576, 0)->(2064755627, -786793051)
[    1.280850] registered taskstats version 1
[    1.282289] Loading compiled-in X.509 certificates
[    1.287169] Loaded X.509 cert 'Build time autogenerated kernel key: b39ba71f7e5bf175906d0a602aa7bdc709562f9b'
[    1.291691] Loaded X.509 cert 'Canonical Ltd. Live Patch Signing: 14df34d1a87cf37625abec039ef2bf521249b969'
[    1.297150] Loaded X.509 cert 'Canonical Ltd. Kernel Module Signing: 88f752e560a1e0737e31163a466ad7b70a850c19'
[    1.300518] zswap: loaded using pool lzo/zbud
[    1.306303] Key type big_key registered
[    1.307890] Key type trusted registered
[    1.311517] Key type encrypted registered
[    1.313213] AppArmor: AppArmor sha1 policy hashing enabled
[    1.315216] ima: No TPM chip found, activating TPM-bypass! (rc=-19)
[    1.317404] ima: Allocated hash algorithm: sha1
[    1.319134] evm: HMAC attrs: 0x1
[    1.320828]   Magic number: 5:837:837
[    1.322371] rtc_cmos rtc_cmos: setting system clock to 2021-09-22 13:48:01 UTC (1632318481)
[    1.325722] BIOS EDD facility v0.16 2004-Jun-25, 0 devices found
[    1.327711] EDD information not available.
[    1.406873] Freeing unused kernel image memory: 2448K
[    1.416056] Write protecting the kernel read-only data: 20480k
[    1.418905] Freeing unused kernel image memory: 2008K
[    1.421154] Freeing unused kernel image memory: 1824K
[    1.434619] x86/mm: Checked W+X mappings: passed, no W+X pages found.
Loading, please wait...
starting version 237
[    1.618790] Fusion MPT base driver 3.04.20
[    1.620517] Copyright (c) 1999-2008 LSI Corporation
[    1.623145] e1000: Intel(R) PRO/1000 Network Driver - version 7.3.21-k8-NAPI
[    1.626196] e1000: Copyright (c) 1999-2006 Intel Corporation.
[    1.658847] Fusion MPT SPI Host driver 3.04.20
[    1.721759] AVX2 version of gcm_enc/dec engaged.
[    1.723593] AES CTR mode by8 optimization enabled
[    1.827156] input: ImExPS/2 Generic Explorer Mouse as /devices/platform/i8042/serio1/input/input4
[    2.151795] e1000 0000:00:03.0 eth0: (PCI:33MHz:32-bit) 02:44:ae:01:d7:50
[    2.155469] e1000 0000:00:03.0 eth0: Intel(R) PRO/1000 Network Connection
[    2.164125] e1000 0000:00:03.0 enp0s3: renamed from eth0
[    2.167039] mptbase: ioc0: Initiating bringup
[    2.260688] ioc0: LSI53C1030 A0: Capabilities={Initiator}
[    2.505088] scsi host2: ioc0: LSI53C1030 A0, FwRev=00000000h, Ports=1, MaxQ=256, IRQ=20
[    2.673072] scsi 2:0:0:0: Direct-Access     VBOX     HARDDISK         1.0  PQ: 0 ANSI: 5
[    2.679343] scsi target2:0:0: Beginning Domain Validation
[    2.688248] scsi target2:0:0: Domain Validation skipping write tests
[    2.692240] scsi target2:0:0: Ending Domain Validation
[    2.695688] random: fast init done
[    2.697879] scsi target2:0:0: asynchronous
[    2.702581] scsi 2:0:1:0: Direct-Access     VBOX     HARDDISK         1.0  PQ: 0 ANSI: 5
[    2.705864] scsi target2:0:1: Beginning Domain Validation
[    2.712058] scsi target2:0:1: Domain Validation skipping write tests
[    2.714444] scsi target2:0:1: Ending Domain Validation
[    2.716556] scsi target2:0:1: asynchronous
[    2.727887] random: systemd-udevd: uninitialized urandom read (16 bytes read)
[    2.730465] random: systemd-udevd: uninitialized urandom read (16 bytes read)
[    2.733628] sd 2:0:0:0: Attached scsi generic sg0 type 0
[    2.735612] random: systemd-udevd: uninitialized urandom read (16 bytes read)
[    2.738237] sd 2:0:0:0: [sda] 83886080 512-byte logical blocks: (42.9 GB/40.0 GiB)
[    2.742437] sd 2:0:1:0: Attached scsi generic sg1 type 0
[    2.744505] sd 2:0:0:0: [sda] Write Protect is off
[    2.746252] sd 2:0:1:0: [sdb] 20480 512-byte logical blocks: (10.5 MB/10.0 MiB)
[    2.749548] sd 2:0:1:0: [sdb] Write Protect is off
[    2.751503] sd 2:0:0:0: [sda] Incomplete mode parameter data
[    2.753501] sd 2:0:0:0: [sda] Assuming drive cache: write through
[    2.755555] sd 2:0:1:0: [sdb] Incomplete mode parameter data
[    2.757678] sd 2:0:1:0: [sdb] Assuming drive cache: write through
[    2.765351]  sda: sda1
[    2.768062] sd 2:0:0:0: [sda] Attached SCSI disk
[    2.770700] sd 2:0:1:0: [sdb] Attached SCSI disk
Begin: Loading essential drivers ... [    4.544074] raid6: sse2x1   gen()  5004 MB/s
[    4.592061] raid6: sse2x1   xor()  3598 MB/s
[    4.640093] raid6: sse2x2   gen()  5977 MB/s
[    4.688065] raid6: sse2x2   xor()  4157 MB/s
[    4.736106] raid6: sse2x4   gen()  6933 MB/s
[    4.784081] raid6: sse2x4   xor()  4461 MB/s
[    4.832058] raid6: avx2x1   gen()  9898 MB/s
[    4.880058] raid6: avx2x1   xor()  7023 MB/s
[    4.928052] raid6: avx2x2   gen() 11849 MB/s
[    4.976063] raid6: avx2x2   xor()  7292 MB/s
[    5.024087] raid6: avx2x4   gen() 13556 MB/s
[    5.072063] raid6: avx2x4   xor()  8905 MB/s
[    5.073598] raid6: using algorithm avx2x4 gen() 13556 MB/s
[    5.075753] raid6: .... xor() 8905 MB/s, rmw enabled
[    5.077558] raid6: using avx2x2 recovery algorithm
[    5.082174] xor: automatically using best checksumming function   avx       
[    5.087258] async_tx: api initialized (async)
done.
Begin: Running /scripts/init-premount ... done.
Begin: Mounting root file system ... Begin: Running /scripts/local-top ... done.
Begin: Running /scripts/local-premount ... [    5.186544] Btrfs loaded, crc32c=crc32c-intel
Scanning for Btrfs filesystems
done.
Warning: fsck not present, so skipping root file system
[    5.233133] EXT4-fs (sda1): mounted filesystem with ordered data mode. Opts: (null)
done.
Begin: Running /scripts/local-bottom ... done.
Begin: Running /scripts/init-bottom ... done.
[    5.494429] ip_tables: (C) 2000-2006 Netfilter Core Team
[    5.508398] systemd[1]: systemd 237 running in system mode. (+PAM +AUDIT +SELINUX +IMA +APPARMOR +SMACK +SYSVINIT +UTMP +LIBCRYPTSETUP +GCRYPT +GNUTLS +ACL +XZ +LZ4 +SECCOMP +BLKID +ELFUTILS +KMOD -IDN2 +IDN -PCRE2 default-hierarchy=hybrid)
[    5.515600] systemd[1]: Detected virtualization oracle.
[    5.517022] systemd[1]: Detected architecture x86-64.

Welcome to [1mUbuntu 18.04.6 LTS[0m!

[    5.521526] systemd[1]: Set hostname to <ubuntu>.
[    5.525504] systemd[1]: Initializing machine ID from random generator.
[    5.527363] systemd[1]: Installed transient /etc/machine-id file.
[    5.861976] systemd[1]: Set up automount Arbitrary Executable File Formats File System Automount Point.
[[0;32m  OK  [0m] Set up automount Arbitrary Executab…rmats File System Automount Point.
[    5.864082] systemd[1]: Reached target User and Group Name Lookups.
[[0;32m  OK  [0m] Reached target User and Group Name Lookups.
[    5.865582] systemd[1]: Reached target Swap.
[[0;32m  OK  [0m] Reached target Swap.
[    5.867384] systemd[1]: Created slice User and Session Slice.
[[0;32m  OK  [0m] Created slice User and Session Slice.
[[0;32m  OK  [0m] Reached target System Time Synchronized.
[[0;32m  OK  [0m] Created slice System Slice.
[[0;32m  OK  [0m] Listening on LVM2 metadata daemon socket.
[[0;32m  OK  [0m] Listening on Journal Audit Socket.
[[0;32m  OK  [0m] Listening on fsck to fsckd communication Socket.
[[0;32m  OK  [0m] Listening on Journal Socket (/dev/log).
[[0;32m  OK  [0m] Listening on LVM2 poll daemon socket.
[[0;32m  OK  [0m] Created slice system-serial\x2dgetty.slice.
[[0;32m  OK  [0m] Reached target Slices.
[[0;32m  OK  [0m] Listening on Journal Socket.
         Starting Set the console keyboard layout...
         Mounting Kernel Debug File System...
[[0;32m  OK  [0m] Listening on Syslog Socket.
         Starting Load Kernel Modules...
[[0;32m  OK  [0m] Started Forward Password Requests to Wall Directory Watch.
[[0;32m  OK  [0m] Listening on udev Control Socket.
[[0;32m  OK  [0m] Listening on /dev/initctl Compatibility Named Pipe.
[[0;32m  OK  [0m] Listening on Network Service Netlink Socket.
         Starting Journal Service...
         Starting File System Check on Root Device...
         Starting Create list of required st…ce nodes for the current kernel...
         Mounting POSIX Message Queue File System...
[[0;32m  OK  [0m] Listening on udev Kernel Socket.
         Starting udev Coldplug all Devices...
         Starting Uncomplicated firewall...
[[0;32m  OK  [0m] Listening on Device-mapper event daemon FIFOs.
         Starting Monitoring of LVM2 mirrors…ng dmeventd or progress polling...
         Mounting Huge Pages File System...
[[0;32m  OK  [0m] Mounted Kernel Debug File System.
[[0;32m  OK  [0m] Started Create list of required sta…vice nodes for the current kernel.
[[0;32m  OK  [0m] Mounted POSIX Message Queue File System.
[[0;32m  OK  [0m] Started Uncomplicated firewall.
[[0;32m  OK  [0m] Started File System Check Daemon to report status.
         Starting Create Static Device Nodes in /dev...
[[0;32m  OK  [0m] Mounted Huge Pages File System.
[    6.081625] Loading iSCSI transport class v2.0-870.
[[0;32m  OK  [0m] Started LVM2 metadata daemon.
[[0;32m  OK  [0m] Started Create Static Device Nodes in /dev.
[[0;32m  OK  [0m] Started File System Check on Root Device.
         Starting Remount Root and Kernel File Systems...
[    6.205851] iscsi: registered transport (tcp)
[[0;32m  OK  [0m] Started Monitoring of LVM2 mirrors,…sing dmeventd or progress polling.
[    6.255498] EXT4-fs (sda1): re-mounted. Opts: (null)
[[0;32m  OK  [0m] Started Remount Root and Kernel File Systems.
         Starting udev Kernel Device Manager...
         Starting Load/Save Random Seed...
[[0;32m  OK  [0m] Started udev Kernel Device Manager.
[[0;32m  OK  [0m] Started Load/Save Random Seed.
[[0;32m  OK  [0m] Started Journal Service.
         Starting Flush Journal to Persistent Storage...
[    6.383732] systemd-journald[404]: Received request to flush runtime journal from PID 1
[[0;32m  OK  [0m] Started udev Coldplug all Devices.
[    6.427729] iscsi: registered transport (iser)
[[0;32m  OK  [0m] Started Load Kernel Modules.
         Starting Apply Kernel Variables...
         Mounting Kernel Configuration File System...
         Mounting FUSE Control File System...
[[0;32m  OK  [0m] Started Flush Journal to Persistent Storage.
[[0;32m  OK  [0m] Mounted Kernel Configuration File System.
[[0;32m  OK  [0m] Mounted FUSE Control File System.
[[0;32m  OK  [0m] Started Set the console keyboard layout.
[[0;32m  OK  [0m] Started Dispatch Password Requests to Console Directory Watch.
[[0;32m  OK  [0m] Reached target Local Encrypted Volumes.
[[0;32m  OK  [0m] Reached target Local File Systems (Pre).
[[0;32m  OK  [0m] Reached target Local File Systems.
         Starting AppArmor initialization...
         Starting Commit a transient machine-id on disk...
         Starting Set console font and keymap...
         Starting Tell Plymouth To Write Out Runtime Data...
         Starting Create Volatile Files and Directories...
         Starting ebtables ruleset management...
[[0;32m  OK  [0m] Started Apply Kernel Variables.
[[0;32m  OK  [0m] Started Set console font and keymap.
[[0;32m  OK  [0m] Started Tell Plymouth To Write Out Runtime Data.
[[0;32m  OK  [0m] Started Commit a transient machine-id on disk.
[[0;32m  OK  [0m] Started Create Volatile Files and Directories.
         Starting Update UTMP about System Boot/Shutdown...
[[0;32m  OK  [0m] Started Update UTMP about System Boot/Shutdown.
[[0;32m  OK  [0m] Started ebtables ruleset management.
[[0;32m  OK  [0m] Found device /dev/ttyS0.
[[0;32m  OK  [0m] Listening on Load/Save RF Kill Switch Status /dev/rfkill Watch.
[[0;32m  OK  [0m] Started AppArmor initialization.
         Starting Initial cloud-init job (pre-networking)...
         Starting Load AppArmor profiles managed internally by snapd...
[[0;32m  OK  [0m] Started Load AppArmor profiles managed internally by snapd.
[   10.047140] cloud-init[558]: Cloud-init v. 21.2-3-g899bfaa9-0ubuntu2~18.04.1 running 'init-local' at Wed, 22 Sep 2021 13:48:09 +0000. Up 9.68 seconds.
[[0;32m  OK  [0m] Started Initial cloud-init job (pre-networking).
[[0;32m  OK  [0m] Reached target Network (Pre).
         Starting Network Service...
[[0;32m  OK  [0m] Started Network Service.
         Starting Wait for Network to be Configured...
         Starting Network Name Resolution...
[[0;32m  OK  [0m] Started Network Name Resolution.
[[0;32m  OK  [0m] Reached target Network.
[[0;32m  OK  [0m] Reached target Host and Network Name Lookups.
[[0;32m  OK  [0m] Started Wait for Network to be Configured.
         Starting Initial cloud-init job (metadata service crawler)...
[   12.717469] cloud-init[635]: Cloud-init v. 21.2-3-g899bfaa9-0ubuntu2~18.04.1 running 'init' at Wed, 22 Sep 2021 13:48:12 +0000. Up 12.59 seconds.
[   12.728236] cloud-init[635]: ci-info: ++++++++++++++++++++++++++++++++++++++Net device info++++++++++++++++++++++++++++++++++++++
[   12.740206] cloud-init[635]: ci-info: +--------+------+----------------------------+---------------+--------+-------------------+
[   12.752156] cloud-init[635]: ci-info: | Device |  Up  |          Address           |      Mask     | Scope  |     Hw-Address    |
[   12.753239] cloud-init[635]: ci-info: +--------+------+----------------------------+---------------+--------+-------------------+
[   12.764181] cloud-init[635]: ci-info: | enp0s3 | True |         10.0.2.15          | 255.255.255.0 | global | 02:44:ae:01:d7:50 |
[   12.776241] cloud-init[635]: ci-info: | enp0s3 | True | fe80::44:aeff:fe01:d750/64 |       .       |  link  | 02:44:ae:01:d7:50 |
[   12.788152] cloud-init[635]: ci-info: |   lo   | True |         127.0.0.1          |   255.0.0.0   |  host  |         .         |
[   12.789130] cloud-init[635]: ci-info: |   lo   | True |          ::1/128           |       .       |  host  |         .         |
[   12.800271] cloud-init[635]: ci-info: +--------+------+----------------------------+---------------+--------+-------------------+
[   12.814726] cloud-init[635]: ci-info: ++++++++++++++++++++++++++++Route IPv4 info+++++++++++++++++++++++++++++
[   12.815623] cloud-init[635]: ci-info: +-------+-------------+----------+-----------------+-----------+-------+
[   12.816449] cloud-init[635]: ci-info: | Route | Destination | Gateway  |     Genmask     | Interface | Flags |
[   12.828289] cloud-init[635]: ci-info: +-------+-------------+----------+-----------------+-----------+-------+
[   12.840144] cloud-init[635]: ci-info: |   0   |   0.0.0.0   | 10.0.2.2 |     0.0.0.0     |   enp0s3  |   UG  |
[   12.852244] cloud-init[635]: ci-info: |   1   |   10.0.2.0  | 0.0.0.0  |  255.255.255.0  |   enp0s3  |   U   |
[   12.864356] cloud-init[635]: ci-info: |   2   |   10.0.2.2  | 0.0.0.0  | 255.255.255.255 |   enp0s3  |   UH  |
[   12.865049] cloud-init[635]: ci-info: +-------+-------------+----------+-----------------+-----------+-------+
[   12.876179] cloud-init[635]: ci-info: +++++++++++++++++++Route IPv6 info+++++++++++++++++++
[   12.888175] cloud-init[635]: ci-info: +-------+-------------+---------+-----------+-------+
[   12.888740] cloud-init[635]: ci-info: | Route | Destination | Gateway | Interface | Flags |
[   12.889226] cloud-init[635]: ci-info: +-------+-------------+---------+-----------+-------+
[   12.889736] cloud-init[635]: ci-info: |   1   |  fe80::/64  |    ::   |   enp0s3  |   U   |
[   12.891194] cloud-init[635]: ci-info: |   3   |    local    |    ::   |   enp0s3  |   U   |
[   12.892362] cloud-init[635]: ci-info: |   4   |   ff00::/8  |    ::   |   enp0s3  |   U   |
[   12.904154] cloud-init[635]: ci-info: +-------+-------------+---------+-----------+-------+
[   13.422796] cloud-init[635]: Generating public/private rsa key pair.
[   13.432206] cloud-init[635]: Your identification has been saved in /etc/ssh/ssh_host_rsa_key.
[   13.444212] cloud-init[635]: Your public key has been saved in /etc/ssh/ssh_host_rsa_key.pub.
[   13.444978] cloud-init[635]: The key fingerprint is:
[   13.456237] cloud-init[635]: SHA256:B+uJw6B8FpuO5GQoCJlZxB9bzJAyJeuuFgU5hzrZ77w root@ubuntu-bionic
[   13.457219] cloud-init[635]: The key's randomart image is:
[   13.457691] cloud-init[635]: +---[RSA 2048]----+
[[0;32m  OK  [0m] Started Initial cloud-init job (metadata service crawler).
[[0;32m  OK  [0m] Reached target Cloud-config availability.
[[0;32m  OK  [0m] Reached target System Initialization.
[   13.471093] cloud-init[635]: | .=.o=           |
[   13.473412] cloud-init[635]: | *++o +          |
[   13.474170] cloud-init[635]: |.o*+ +  .        |
         Starting Socket activation for snappy daemon.
[[0;32m  OK  [0m] Listening on D-Bus System Message Bus Socket.
[[0;32m  OK  [0m] Listening on ACPID Listen Socket.
[[0;32m  OK  [0m] Started Daily apt download activities.
[[0;32m  OK  [0m] Started Discard unused blocks once a week.
[[0;32m  OK  [0m] Started Message of the Day.
[[0;32m  OK  [0m] Started Daily apt upgrade and clean activities.
[[0;32m  OK  [0m] Listening on UUID daemon activation socket.
[[0;32m  OK  [0m] Started Daily Cleanup of Temporary Directories.
[[0;32m  OK  [0m] Started Ubuntu Advantage update messaging.
[   13.479948] cloud-init[635]: |+*..o    o       |
         Starting LXD - unix socket.
[[0;32m  OK  [0m] Listening on Open-iSCSI iscsid Socket.
[   13.579456] cloud-init[635]: |=.o.o   S .      |
[   13.580531] cloud-init[635]: |o= ..* o o       |
[   13.592422] cloud-init[635]: |+ Oo= + o        |
[   13.604242] cloud-init[635]: |.B =o  .         |
[   13.604683] cloud-init[635]: |o o E.           |
[   13.605271] cloud-init[635]: +----[SHA256]-----+
[   13.616844] cloud-init[635]: Generating public/private dsa key pair.
[[0;32m  OK  [0m] Reached target Timers.
[   13.629735] cloud-init[635]: Your identification has been saved in /etc/ssh/ssh_host_dsa_key.
[   13.631125] cloud-init[[0;32m  OK  [0m] Started ACPI Events Check.
[[0;32m  OK  [0m] Reached target Paths.
[[0;32m  OK  [0m] Reached target Network is Online.
[635]: Your public key has been saved in /etc/ssh/ssh_host_dsa_key.pub.
[   13.633447] cloud-init[635]: The key fingerprint is:[[0;32m  OK  [0m] Reached target Remote File Systems (Pre).
[[0;32m  OK  [0m] Reached target Remote File Systems.

         Starting Availability of block devices...
[[0;32m  OK  [0m] Listening on Socket activation for snappy daemon.
[[0;32m  OK  [0m] Listening on LXD - unix socket.
[[0;32m  OK  [0m] Reached target Sockets.
[[0;32m  OK  [0m] Reached target Basic System.
         Starting LXD - container startup/shutdown...
[   13.647823] cloud-init[635]: SHA256:bqy/AM8MLFz+QGii1FYPJ9Y75x4epK6/Ix2tVqu7iY4 root@ubuntu-bionic
[[0;32m  OK  [0m] Started D-Bus System Message Bus.
[   13.669451] cloud-init[635]: The key's randomart image is:
[   13.680225] cloud-init[635]: +---[DSA 1024]----+
[   13.692328] cloud-init[635]: |     =..         |
[   13.704224] cloud-init[635]: |  ..o =.         |
[   13.704747] cloud-init[635]: |..ooo  ..        |
[   13.716179] cloud-init[635]: |o+.=   o o       |
[   13.728282] cloud-init[635]: |. o *   S        |
[   13.728736] cloud-init[635]: |   . O = *       |
[   13.729213] cloud-init[635]: |      O X +      |
[   13.740331] cloud-init[635]: |    ...X.+       |
[   13.752230] cloud-init[635]: |   E.+*OO.       |
[   13.764216] cloud-init[635]: +----[SHA256]-----+
[   13.776231] cloud-init[635]: Generating public/private ecdsa key pair.
[   13.777276] cloud-init[635]: Your identification has been saved in /etc/ssh/ssh_host_ecdsa_key.
[   13.788323] cloud-init[635]: Your public key has been saved in /etc/ssh/ssh_host_ecdsa_key.pub.
[   13.788952] cloud-init[635]: The key fingerprint is:
         Starting LSB: automatic crash report generation...
         Starting System Logging Service...
[   13.803775] cloud-init[635]: SHA256:oZGyB9fzTFOzATGUnVMlCu0544lcL5Y34nZFVybkOWc root@ubuntu-bionic
[   13.817041] cloud-init[635]: The key's randomart image is:
[   13.817518] cloud-init[635]: +---[ECDSA 256]---+
[   13.818777] cloud-init[635]: |         .**+++..|
[   13.821622] cloud-init[635]: |       o  .+=*.oo|
[   13.832170] cloud-init[635]: |    o + + o.oo+oE|
         Starting Pollinate to seed the pseudo random number generator...
[   13.848715] cloud-init[635]: |     = o * .*  +o|
[[0;32m  OK  [0m] Started Regular background program processing daemon.
[   13.863640] cloud-init[635]: |    . o S.o+ * ..|
         Starting Login Service...
[   13.879531] cloud-init[635]: |     .    o B + .|
         Starting LSB: Record successful boot for GRUB...
         Starting Permit User Sessions...
[[0;32m  OK  [0m] Started FUSE filesystem for LXC.
[[0;32m  OK  [0m] Started Deferred execution scheduler.
         Starting Virtualbox guest utils...
         Starting Accounts Service...
[   13.895567] cloud-init[635]: |           o + o |
[   13.960244] cloud-init[635]: |            o .  |
[   13.960741] cloud-init[635]: |           . .   |
[   13.961128] cloud-init[635]: +----[SHA256]-----+
[   13.961700] cloud-init[635]: Generating public/private ed25519 key pair.
[   13.972207] cloud-init[635]: Your identification has been saved in /etc/ssh/ssh_host_ed25519_key.
[   13.972886] cloud-init[635]: Your public key has been saved in /etc/ssh/ssh_host_ed25519_key.pub.
[   13.987284] cloud-init[635]: The key fingerprint is:
[[0;32m  OK  [0m] Started irqbalance daemon.
[   13.999593] cloud-init[635]: SHA256:DLWCRKyIuhLrBAZb+AHpx3OUrxMMNYfXBpw69L0FQLw root@ubuntu-bionic
         Starting Dispatcher daemon for systemd-networkd...
[   14.002296] cloud-init[635]: The key's randomart image is:
         Starting Snap Daemon...
[[0;32m  OK  [0m] Started System Logging Service.
[   14.017377] cloud-init[635]: +--[ED25519 256]--+
[[0;32m  OK  [0m] Started Availability of block devices.
[   14.023542] cloud-init[635]: |.. o+o*=*        |
[[0;32m  OK  [0m] Started LXD - container startup/shutdown.
[[0;32m  OK  [0m] Started Permit User Sessions.
[   14.042093] cloud-init[635]: |.o o.*o* =       |
[   14.056917] cloud-init[635]: |=.+.* B = .      |
[[0;32m  OK  [0m] Started Login Service.
[   14.070036] cloud-init[635]: |+=.= * E . .     |
[   14.072117] cloud-init[635]: |+.o o + S o      |
[   14.072577] cloud-init[635]: |=    o   .       |
[   14.084190] cloud-init[635]: | =    .          |
[   14.099345] cloud-init[635]: |=                |
[   14.100666] cloud-init[635]: |o.               |
[   14.101139] cloud-init[635]: +----[SHA256]-----+
         Starting Authorization Manager...
[[0;32m  OK  [0m] Started Unattended Upgrades Shutdown.
         Starting Hold until boot process finishes up...
         Starting Terminate Plymouth Boot Screen...
[[0;32m  OK  [0m] Started Hold until boot process finishes up.
[[0;32m  OK  [0m] Started Terminate Plymouth Boot Screen.
[[0;32m  OK  [0m] Started Serial Getty on ttyS0.
         Starting Set console scheme...
[[0;32m  OK  [0m] Started LSB: automatic crash report generation.
[[0;32m  OK  [0m] Started Set console scheme.
[[0;32m  OK  [0m] Created slice system-getty.slice.
[[0;32m  OK  [0m] Started Getty on tty1.
[[0;32m  OK  [0m] Reached target Login Prompts.
[[0;32m  OK  [0m] Started LSB: Record successful boot for GRUB.
[[0;32m  OK  [0m] Started Authorization Manager.
[[0;32m  OK  [0m] Started Accounts Service.
[[0;32m  OK  [0m] Started Virtualbox guest utils.
[[0;32m  OK  [0m] Started Dispatcher daemon for systemd-networkd.
[[0;32m  OK  [0m] Started Snap Daemon.
         Starting Wait until snapd is fully seeded...
[[0;32m  OK  [0m] Started Pollinate to seed the pseudo random number generator.
         Starting OpenBSD Secure Shell server...
[[0;32m  OK  [0m] Started OpenBSD Secure Shell server.
[[0;32m  OK  [0m] Created slice User Slice of vagrant.
         Starting User Manager for UID 1000...
[[0;32m  OK  [0m] Started Session 1 of user vagrant.
[[0;32m  OK  [0m] Started User Manager for UID 1000.
[[0;32m  OK  [0m] Started Wait until snapd is fully seeded.
         Starting Apply the settings specified in cloud-config...
[[0;32m  OK  [0m] Reached target Multi-User System.
[[0;32m  OK  [0m] Reached target Graphical Interface.
         Starting Update UTMP about System Runlevel Changes...
[[0;32m  OK  [0m] Started Update UTMP about System Runlevel Changes.
[   17.919035] cloud-init[1082]: Cloud-init v. 21.2-3-g899bfaa9-0ubuntu2~18.04.1 running 'modules:config' at Wed, 22 Sep 2021 13:48:17 +0000. Up 17.11 seconds.
[[0;32m  OK  [0m] Started Apply the settings specified in cloud-config.
         Starting Execute cloud user/final scripts...
ci-info: no authorized SSH keys fingerprints found for user ubuntu.
<14>Sep 22 13:48:19 cloud-init: #############################################################
<14>Sep 22 13:48:19 cloud-init: -----BEGIN SSH HOST KEY FINGERPRINTS-----
<14>Sep 22 13:48:19 cloud-init: 1024 SHA256:bqy/AM8MLFz+QGii1FYPJ9Y75x4epK6/Ix2tVqu7iY4 root@ubuntu-bionic (DSA)
<14>Sep 22 13:48:19 cloud-init: 256 SHA256:oZGyB9fzTFOzATGUnVMlCu0544lcL5Y34nZFVybkOWc root@ubuntu-bionic (ECDSA)
<14>Sep 22 13:48:19 cloud-init: 256 SHA256:DLWCRKyIuhLrBAZb+AHpx3OUrxMMNYfXBpw69L0FQLw root@ubuntu-bionic (ED25519)
<14>Sep 22 13:48:19 cloud-init: 2048 SHA256:B+uJw6B8FpuO5GQoCJlZxB9bzJAyJeuuFgU5hzrZ77w root@ubuntu-bionic (RSA)
<14>Sep 22 13:48:19 cloud-init: -----END SSH HOST KEY FINGERPRINTS-----
<14>Sep 22 13:48:19 cloud-init: #############################################################
-----BEGIN SSH HOST KEY KEYS-----
ecdsa-sha2-nistp256 AAAAE2VjZHNhLXNoYTItbmlzdHAyNTYAAAAIbmlzdHAyNTYAAABBBPy+98aU9kyK61mI/aZ/sc698PE8c5R8WKA8Z7lL8C0cSBFxOCBVuGp4LGaqQJ+AQAtGHOQjePiDQIIRkebv+EA= root@ubuntu-bionic
ssh-ed25519 AAAAC3NzaC1lZDI1NTE5AAAAIPyzKIvcDcDGw0ZCaaiJqFAsKSjDDd6/kNV8nX5lICmc root@ubuntu-bionic
ssh-rsa AAAAB3NzaC1yc2EAAAADAQABAAABAQCZtKwzNE5dr/nQJGNIlRGoMSeyTAgemtPSIYQA97V+p981gWZ+Q3fuwU9JhOnM/0L9mRWUJ7MX928qVQTqNuq0gIh6KF+1paqOFX1Tippaf0nsjivkCzaYcJO1X9gR3NMqO7Yy/PXmo/bDQ6w497PrbzvRGtB/3Jtm//ocQEiAPbT1mqnTZi7MMTRXRdBdNfpG1jwng1CrFV5PqRRBRolmCi5oxOvGGKsjD0/36LZKJo6aV53x4us1rDcogZ76eyhjyud/46eK9ao6mIxJsXd683JNF1ugPHVcG4n10DV3sN/PeZ0uJ5zbnVot9VY0tWemL1HmDUOLpsqxpd2tMmIf root@ubuntu-bionic
-----END SSH HOST KEY KEYS-----
[   19.155405] cloud-init[1164]: Cloud-init v. 21.2-3-g899bfaa9-0ubuntu2~18.04.1 running 'modules:final' at Wed, 22 Sep 2021 13:48:19 +0000. Up 18.91 seconds.
[   19.168253] cloud-init[1164]: ci-info: no authorized SSH keys fingerprints found for user ubuntu.
[   19.168871] cloud-init[1164]: Cloud-init v. 21.2-3-g899bfaa9-0ubuntu2~18.04.1 finished at Wed, 22 Sep 2021 13:48:19 +0000. Datasource DataSourceNoCloud [seed=/dev/sdb][dsmode=net].  Up 19.14 seconds

Ubuntu 18.04.6 LTS ubuntu-bionic ttyS0

ubuntu-bionic login: 